This file contains any messages produced by compilers while
running configure, to aid debugging if configure makes a mistake.

It was created by ssocks configure 0.0.14, which was
generated by GNU Autoconf 2.69.  Invocation command line was

  $ ./configure 

## --------- ##
## Platform. ##
## --------- ##

hostname = kali
uname -m = x86_64
uname -r = 4.14.0-kali3-amd64
uname -s = Linux
uname -v = #1 SMP Debian 4.14.12-2kali1 (2018-01-08)

/usr/bin/uname -p = unknown
/bin/uname -X     = unknown

/bin/arch              = unknown
/usr/bin/arch -k       = unknown
/usr/convex/getsysinfo = unknown
/usr/bin/hostinfo      = unknown
/bin/machine           = unknown
/usr/bin/oslevel       = unknown
/bin/universe          = unknown

PATH: /usr/local/sbin
PATH: /usr/local/bin
PATH: /usr/sbin
PATH: /usr/bin
PATH: /sbin
PATH: /bin


## ----------- ##
## Core tests. ##
## ----------- ##

configure:2384: checking build system type
configure:2398: result: x86_64-unknown-linux-gnu
configure:2418: checking host system type
configure:2431: result: x86_64-unknown-linux-gnu
configure:2472: checking how to print strings
configure:2499: result: printf
configure:2571: checking for gcc
configure:2587: found /usr/bin/gcc
configure:2598: result: gcc
configure:2827: checking for C compiler version
configure:2836: gcc --version >&5
gcc (Debian 7.2.0-18) 7.2.0
Copyright (C) 2017 Free Software Foundation, Inc.
This is free software; see the source for copying conditions.  There is NO
warranty; not even for MERCHANTABILITY or FITNESS FOR A PARTICULAR PURPOSE.

configure:2847: $? = 0
configure:2836: gcc -v >&5
Using built-in specs.
COLLECT_GCC=gcc
COLLECT_LTO_WRAPPER=/usr/lib/gcc/x86_64-linux-gnu/7/lto-wrapper
OFFLOAD_TARGET_NAMES=nvptx-none
OFFLOAD_TARGET_DEFAULT=1
Target: x86_64-linux-gnu
Configured with: ../src/configure -v --with-pkgversion='Debian 7.2.0-18' --with-bugurl=file:///usr/share/doc/gcc-7/README.Bugs --enable-languages=c,ada,c++,go,brig,d,fortran,objc,obj-c++ --prefix=/usr --with-gcc-major-version-only --program-suffix=-7 --program-prefix=x86_64-linux-gnu- --enable-shared --enable-linker-build-id --libexecdir=/usr/lib --without-included-gettext --enable-threads=posix --libdir=/usr/lib --enable-nls --with-sysroot=/ --enable-clocale=gnu --enable-libstdcxx-debug --enable-libstdcxx-time=yes --with-default-libstdcxx-abi=new --enable-gnu-unique-object --disable-vtable-verify --enable-libmpx --enable-plugin --enable-default-pie --with-system-zlib --with-target-system-zlib --enable-objc-gc=auto --enable-multiarch --disable-werror --with-arch-32=i686 --with-abi=m64 --with-multilib-list=m32,m64,mx32 --enable-multilib --with-tune=generic --enable-offload-targets=nvptx-none --without-cuda-driver --enable-checking=release --build=x86_64-linux-gnu --host=x86_64-linux-gnu --target=x86_64-linux-gnu
Thread model: posix
gcc version 7.2.0 (Debian 7.2.0-18) 
configure:2847: $? = 0
configure:2836: gcc -V >&5
gcc: error: unrecognized command line option '-V'
gcc: fatal error: no input files
compilation terminated.
configure:2847: $? = 1
configure:2836: gcc -qversion >&5
gcc: error: unrecognized command line option '-qversion'; did you mean '--version'?
gcc: fatal error: no input files
compilation terminated.
configure:2847: $? = 1
configure:2867: checking whether the C compiler works
configure:2889: gcc    conftest.c  >&5
configure:2893: $? = 0
configure:2941: result: yes
configure:2944: checking for C compiler default output file name
configure:2946: result: a.out
configure:2952: checking for suffix of executables
configure:2959: gcc -o conftest    conftest.c  >&5
configure:2963: $? = 0
configure:2985: result: 
configure:3007: checking whether we are cross compiling
configure:3015: gcc -o conftest    conftest.c  >&5
configure:3019: $? = 0
configure:3026: ./conftest
configure:3030: $? = 0
configure:3045: result: no
configure:3050: checking for suffix of object files
configure:3072: gcc -c   conftest.c >&5
configure:3076: $? = 0
configure:3097: result: o
configure:3101: checking whether we are using the GNU C compiler
configure:3120: gcc -c   conftest.c >&5
configure:3120: $? = 0
configure:3129: result: yes
configure:3138: checking whether gcc accepts -g
configure:3158: gcc -c -g  conftest.c >&5
configure:3158: $? = 0
configure:3199: result: yes
configure:3216: checking for gcc option to accept ISO C89
configure:3279: gcc  -c -g -O2  conftest.c >&5
configure:3279: $? = 0
configure:3292: result: none needed
configure:3317: checking whether gcc understands -c and -o together
configure:3339: gcc -c conftest.c -o conftest2.o
configure:3342: $? = 0
configure:3339: gcc -c conftest.c -o conftest2.o
configure:3342: $? = 0
configure:3354: result: yes
configure:3371: checking for a sed that does not truncate output
configure:3435: result: /bin/sed
configure:3453: checking for grep that handles long lines and -e
configure:3511: result: /bin/grep
configure:3516: checking for egrep
configure:3578: result: /bin/grep -E
configure:3583: checking for fgrep
configure:3645: result: /bin/grep -F
configure:3680: checking for ld used by gcc
configure:3747: result: /usr/bin/ld
configure:3754: checking if the linker (/usr/bin/ld) is GNU ld
configure:3769: result: yes
configure:3781: checking for BSD- or MS-compatible name lister (nm)
configure:3830: result: /usr/bin/nm -B
configure:3960: checking the name lister (/usr/bin/nm -B) interface
configure:3967: gcc -c -g -O2  conftest.c >&5
configure:3970: /usr/bin/nm -B "conftest.o"
configure:3973: output
0000000000000000 B some_variable
configure:3980: result: BSD nm
configure:3983: checking whether ln -s works
configure:3987: result: yes
configure:3995: checking the maximum length of command line arguments
configure:4125: result: 1572864
configure:4142: checking whether the shell understands some XSI constructs
configure:4152: result: yes
configure:4156: checking whether the shell understands "+="
configure:4162: result: yes
configure:4197: checking how to convert x86_64-unknown-linux-gnu file names to x86_64-unknown-linux-gnu format
configure:4237: result: func_convert_file_noop
configure:4244: checking how to convert x86_64-unknown-linux-gnu file names to toolchain format
configure:4264: result: func_convert_file_noop
configure:4271: checking for /usr/bin/ld option to reload object files
configure:4278: result: -r
configure:4352: checking for objdump
configure:4368: found /usr/bin/objdump
configure:4379: result: objdump
configure:4411: checking how to recognize dependent libraries
configure:4613: result: pass_all
configure:4698: checking for dlltool
configure:4728: result: no
configure:4758: checking how to associate runtime and link libraries
configure:4785: result: printf %s\n
configure:4846: checking for ar
configure:4862: found /usr/bin/ar
configure:4873: result: ar
configure:4910: checking for archiver @FILE support
configure:4927: gcc -c -g -O2  conftest.c >&5
configure:4927: $? = 0
configure:4930: ar cru libconftest.a @conftest.lst >&5
ar: `u' modifier ignored since `D' is the default (see `U')
configure:4933: $? = 0
configure:4938: ar cru libconftest.a @conftest.lst >&5
ar: `u' modifier ignored since `D' is the default (see `U')
ar: conftest.o: No such file or directory
configure:4941: $? = 1
configure:4953: result: @
configure:5011: checking for strip
configure:5027: found /usr/bin/strip
configure:5038: result: strip
configure:5110: checking for ranlib
configure:5126: found /usr/bin/ranlib
configure:5137: result: ranlib
configure:5214: checking for gawk
configure:5230: found /usr/bin/gawk
configure:5241: result: gawk
configure:5281: checking command to parse /usr/bin/nm -B output from gcc object
configure:5401: gcc -c -g -O2  conftest.c >&5
configure:5404: $? = 0
configure:5408: /usr/bin/nm -B conftest.o \| sed -n -e 's/^.*[ ]\([ABCDGIRSTW][ABCDGIRSTW]*\)[ ][ ]*\([_A-Za-z][_A-Za-z0-9]*\)$/\1 \2 \2/p' | sed '/ __gnu_lto/d' \> conftest.nm
configure:5411: $? = 0
configure:5477: gcc -o conftest -g -O2   conftest.c conftstm.o >&5
configure:5480: $? = 0
configure:5518: result: ok
configure:5555: checking for sysroot
configure:5585: result: no
configure:5662: gcc -c -g -O2  conftest.c >&5
configure:5665: $? = 0
configure:5841: checking for mt
configure:5857: found /bin/mt
configure:5868: result: mt
configure:5891: checking if mt is a manifest tool
configure:5897: mt '-?'
configure:5905: result: no
configure:6547: checking how to run the C preprocessor
configure:6578: gcc -E  conftest.c
configure:6578: $? = 0
configure:6592: gcc -E  conftest.c
conftest.c:9:10: fatal error: ac_nonexistent.h: No such file or directory
 #include <ac_nonexistent.h>
          ^~~~~~~~~~~~~~~~~~
compilation terminated.
configure:6592: $? = 1
configure: failed program was:
| /* confdefs.h */
| #define PACKAGE_NAME "ssocks"
| #define PACKAGE_TARNAME "ssocks"
| #define PACKAGE_VERSION "0.0.14"
| #define PACKAGE_STRING "ssocks 0.0.14"
| #define PACKAGE_BUGREPORT "h.caron@codsec.com"
| #define PACKAGE_URL ""
| /* end confdefs.h.  */
| #include <ac_nonexistent.h>
configure:6617: result: gcc -E
configure:6637: gcc -E  conftest.c
configure:6637: $? = 0
configure:6651: gcc -E  conftest.c
conftest.c:9:10: fatal error: ac_nonexistent.h: No such file or directory
 #include <ac_nonexistent.h>
          ^~~~~~~~~~~~~~~~~~
compilation terminated.
configure:6651: $? = 1
configure: failed program was:
| /* confdefs.h */
| #define PACKAGE_NAME "ssocks"
| #define PACKAGE_TARNAME "ssocks"
| #define PACKAGE_VERSION "0.0.14"
| #define PACKAGE_STRING "ssocks 0.0.14"
| #define PACKAGE_BUGREPORT "h.caron@codsec.com"
| #define PACKAGE_URL ""
| /* end confdefs.h.  */
| #include <ac_nonexistent.h>
configure:6680: checking for ANSI C header files
configure:6700: gcc -c -g -O2  conftest.c >&5
configure:6700: $? = 0
configure:6773: gcc -o conftest -g -O2   conftest.c  >&5
configure:6773: $? = 0
configure:6773: ./conftest
configure:6773: $? = 0
configure:6784: result: yes
configure:6797: checking for sys/types.h
configure:6797: gcc -c -g -O2  conftest.c >&5
configure:6797: $? = 0
configure:6797: result: yes
configure:6797: checking for sys/stat.h
configure:6797: gcc -c -g -O2  conftest.c >&5
configure:6797: $? = 0
configure:6797: result: yes
configure:6797: checking for stdlib.h
configure:6797: gcc -c -g -O2  conftest.c >&5
configure:6797: $? = 0
configure:6797: result: yes
configure:6797: checking for string.h
configure:6797: gcc -c -g -O2  conftest.c >&5
configure:6797: $? = 0
configure:6797: result: yes
configure:6797: checking for memory.h
configure:6797: gcc -c -g -O2  conftest.c >&5
configure:6797: $? = 0
configure:6797: result: yes
configure:6797: checking for strings.h
configure:6797: gcc -c -g -O2  conftest.c >&5
configure:6797: $? = 0
configure:6797: result: yes
configure:6797: checking for inttypes.h
configure:6797: gcc -c -g -O2  conftest.c >&5
configure:6797: $? = 0
configure:6797: result: yes
configure:6797: checking for stdint.h
configure:6797: gcc -c -g -O2  conftest.c >&5
configure:6797: $? = 0
configure:6797: result: yes
configure:6797: checking for unistd.h
configure:6797: gcc -c -g -O2  conftest.c >&5
configure:6797: $? = 0
configure:6797: result: yes
configure:6811: checking for dlfcn.h
configure:6811: gcc -c -g -O2  conftest.c >&5
configure:6811: $? = 0
configure:6811: result: yes
configure:7017: checking for objdir
configure:7032: result: .libs
configure:7299: checking if gcc supports -fno-rtti -fno-exceptions
configure:7317: gcc -c -g -O2  -fno-rtti -fno-exceptions conftest.c >&5
cc1: warning: command line option '-fno-rtti' is valid for C++/ObjC++ but not for C
configure:7321: $? = 0
configure:7334: result: no
configure:7661: checking for gcc option to produce PIC
configure:7668: result: -fPIC -DPIC
configure:7676: checking if gcc PIC flag -fPIC -DPIC works
configure:7694: gcc -c -g -O2  -fPIC -DPIC -DPIC conftest.c >&5
configure:7698: $? = 0
configure:7711: result: yes
configure:7740: checking if gcc static flag -static works
configure:7768: result: yes
configure:7783: checking if gcc supports -c -o file.o
configure:7804: gcc -c -g -O2  -o out/conftest2.o conftest.c >&5
configure:7808: $? = 0
configure:7830: result: yes
configure:7838: checking if gcc supports -c -o file.o
configure:7885: result: yes
configure:7918: checking whether the gcc linker (/usr/bin/ld -m elf_x86_64) supports shared libraries
configure:9071: result: yes
configure:9108: checking whether -lc should be explicitly linked in
configure:9116: gcc -c -g -O2  conftest.c >&5
configure:9119: $? = 0
configure:9134: gcc -shared  -fPIC -DPIC conftest.o  -v -Wl,-soname -Wl,conftest -o conftest 2\>\&1 \| /bin/grep  -lc  \>/dev/null 2\>\&1
configure:9137: $? = 0
configure:9151: result: no
configure:9311: checking dynamic linker characteristics
configure:9822: gcc -o conftest -g -O2   -Wl,-rpath -Wl,/foo conftest.c  >&5
configure:9822: $? = 0
configure:10044: result: GNU/Linux ld.so
configure:10151: checking how to hardcode library paths into programs
configure:10176: result: immediate
configure:10716: checking whether stripping libraries is possible
configure:10721: result: yes
configure:10756: checking if libtool supports shared libraries
configure:10758: result: yes
configure:10761: checking whether to build shared libraries
configure:10782: result: yes
configure:10785: checking whether to build static libraries
configure:10789: result: yes
configure:10942: checking for gcc
configure:10969: result: gcc
configure:11198: checking for C compiler version
configure:11207: gcc --version >&5
gcc (Debian 7.2.0-18) 7.2.0
Copyright (C) 2017 Free Software Foundation, Inc.
This is free software; see the source for copying conditions.  There is NO
warranty; not even for MERCHANTABILITY or FITNESS FOR A PARTICULAR PURPOSE.

configure:11218: $? = 0
configure:11207: gcc -v >&5
Using built-in specs.
COLLECT_GCC=gcc
COLLECT_LTO_WRAPPER=/usr/lib/gcc/x86_64-linux-gnu/7/lto-wrapper
OFFLOAD_TARGET_NAMES=nvptx-none
OFFLOAD_TARGET_DEFAULT=1
Target: x86_64-linux-gnu
Configured with: ../src/configure -v --with-pkgversion='Debian 7.2.0-18' --with-bugurl=file:///usr/share/doc/gcc-7/README.Bugs --enable-languages=c,ada,c++,go,brig,d,fortran,objc,obj-c++ --prefix=/usr --with-gcc-major-version-only --program-suffix=-7 --program-prefix=x86_64-linux-gnu- --enable-shared --enable-linker-build-id --libexecdir=/usr/lib --without-included-gettext --enable-threads=posix --libdir=/usr/lib --enable-nls --with-sysroot=/ --enable-clocale=gnu --enable-libstdcxx-debug --enable-libstdcxx-time=yes --with-default-libstdcxx-abi=new --enable-gnu-unique-object --disable-vtable-verify --enable-libmpx --enable-plugin --enable-default-pie --with-system-zlib --with-target-system-zlib --enable-objc-gc=auto --enable-multiarch --disable-werror --with-arch-32=i686 --with-abi=m64 --with-multilib-list=m32,m64,mx32 --enable-multilib --with-tune=generic --enable-offload-targets=nvptx-none --without-cuda-driver --enable-checking=release --build=x86_64-linux-gnu --host=x86_64-linux-gnu --target=x86_64-linux-gnu
Thread model: posix
gcc version 7.2.0 (Debian 7.2.0-18) 
configure:11218: $? = 0
configure:11207: gcc -V >&5
gcc: error: unrecognized command line option '-V'
gcc: fatal error: no input files
compilation terminated.
configure:11218: $? = 1
configure:11207: gcc -qversion >&5
gcc: error: unrecognized command line option '-qversion'; did you mean '--version'?
gcc: fatal error: no input files
compilation terminated.
configure:11218: $? = 1
configure:11222: checking whether we are using the GNU C compiler
configure:11250: result: yes
configure:11259: checking whether gcc accepts -g
configure:11320: result: yes
configure:11337: checking for gcc option to accept ISO C89
configure:11413: result: none needed
configure:11438: checking whether gcc understands -c and -o together
configure:11475: result: yes
configure:11510: checking for a BSD-compatible install
configure:11578: result: /usr/bin/install -c
configure:11589: checking whether build environment is sane
configure:11644: result: yes
configure:11792: checking for a thread-safe mkdir -p
configure:11831: result: /bin/mkdir -p
configure:11834: checking whether make sets $(MAKE)
configure:11856: result: yes
configure:11886: checking for style of include used by make
configure:11914: result: GNU
configure:11948: checking whether make supports nested variables
configure:11965: result: yes
configure:12050: checking dependency style of gcc
configure:12161: result: gcc3
configure:12285: result: No SSL ...
configure:12303: checking arpa/inet.h usability
configure:12303: gcc -c -g -O2  conftest.c >&5
configure:12303: $? = 0
configure:12303: result: yes
configure:12303: checking arpa/inet.h presence
configure:12303: gcc -E  conftest.c
configure:12303: $? = 0
configure:12303: result: yes
configure:12303: checking for arpa/inet.h
configure:12303: result: yes
configure:12303: checking fcntl.h usability
configure:12303: gcc -c -g -O2  conftest.c >&5
configure:12303: $? = 0
configure:12303: result: yes
configure:12303: checking fcntl.h presence
configure:12303: gcc -E  conftest.c
configure:12303: $? = 0
configure:12303: result: yes
configure:12303: checking for fcntl.h
configure:12303: result: yes
configure:12303: checking limits.h usability
configure:12303: gcc -c -g -O2  conftest.c >&5
configure:12303: $? = 0
configure:12303: result: yes
configure:12303: checking limits.h presence
configure:12303: gcc -E  conftest.c
configure:12303: $? = 0
configure:12303: result: yes
configure:12303: checking for limits.h
configure:12303: result: yes
configure:12303: checking netdb.h usability
configure:12303: gcc -c -g -O2  conftest.c >&5
configure:12303: $? = 0
configure:12303: result: yes
configure:12303: checking netdb.h presence
configure:12303: gcc -E  conftest.c
configure:12303: $? = 0
configure:12303: result: yes
configure:12303: checking for netdb.h
configure:12303: result: yes
configure:12303: checking for stdlib.h
configure:12303: result: yes
configure:12303: checking for string.h
configure:12303: result: yes
configure:12303: checking sys/socket.h usability
configure:12303: gcc -c -g -O2  conftest.c >&5
configure:12303: $? = 0
configure:12303: result: yes
configure:12303: checking sys/socket.h presence
configure:12303: gcc -E  conftest.c
configure:12303: $? = 0
configure:12303: result: yes
configure:12303: checking for sys/socket.h
configure:12303: result: yes
configure:12303: checking sys/time.h usability
configure:12303: gcc -c -g -O2  conftest.c >&5
configure:12303: $? = 0
configure:12303: result: yes
configure:12303: checking sys/time.h presence
configure:12303: gcc -E  conftest.c
configure:12303: $? = 0
configure:12303: result: yes
configure:12303: checking for sys/time.h
configure:12303: result: yes
configure:12303: checking for unistd.h
configure:12303: result: yes
configure:12315: checking for size_t
configure:12315: gcc -c -g -O2  conftest.c >&5
configure:12315: $? = 0
configure:12315: gcc -c -g -O2  conftest.c >&5
conftest.c: In function 'main':
conftest.c:68:21: error: expected expression before ')' token
 if (sizeof ((size_t)))
                     ^
configure:12315: $? = 1
configure: failed program was:
| /* confdefs.h */
| #define PACKAGE_NAME "ssocks"
| #define PACKAGE_TARNAME "ssocks"
| #define PACKAGE_VERSION "0.0.14"
| #define PACKAGE_STRING "ssocks 0.0.14"
| #define PACKAGE_BUGREPORT "h.caron@codsec.com"
| #define PACKAGE_URL ""
| #define STDC_HEADERS 1
| #define HAVE_SYS_TYPES_H 1
| #define HAVE_SYS_STAT_H 1
| #define HAVE_STDLIB_H 1
| #define HAVE_STRING_H 1
| #define HAVE_MEMORY_H 1
| #define HAVE_STRINGS_H 1
| #define HAVE_INTTYPES_H 1
| #define HAVE_STDINT_H 1
| #define HAVE_UNISTD_H 1
| #define HAVE_DLFCN_H 1
| #define LT_OBJDIR ".libs/"
| #define PACKAGE "ssocks"
| #define VERSION "0.0.14"
| #define HAVE_ARPA_INET_H 1
| #define HAVE_FCNTL_H 1
| #define HAVE_LIMITS_H 1
| #define HAVE_NETDB_H 1
| #define HAVE_STDLIB_H 1
| #define HAVE_STRING_H 1
| #define HAVE_SYS_SOCKET_H 1
| #define HAVE_SYS_TIME_H 1
| #define HAVE_UNISTD_H 1
| /* end confdefs.h.  */
| #include <stdio.h>
| #ifdef HAVE_SYS_TYPES_H
| # include <sys/types.h>
| #endif
| #ifdef HAVE_SYS_STAT_H
| # include <sys/stat.h>
| #endif
| #ifdef STDC_HEADERS
| # include <stdlib.h>
| # include <stddef.h>
| #else
| # ifdef HAVE_STDLIB_H
| #  include <stdlib.h>
| # endif
| #endif
| #ifdef HAVE_STRING_H
| # if !defined STDC_HEADERS && defined HAVE_MEMORY_H
| #  include <memory.h>
| # endif
| # include <string.h>
| #endif
| #ifdef HAVE_STRINGS_H
| # include <strings.h>
| #endif
| #ifdef HAVE_INTTYPES_H
| # include <inttypes.h>
| #endif
| #ifdef HAVE_STDINT_H
| # include <stdint.h>
| #endif
| #ifdef HAVE_UNISTD_H
| # include <unistd.h>
| #endif
| int
| main ()
| {
| if (sizeof ((size_t)))
| 	    return 0;
|   ;
|   return 0;
| }
configure:12315: result: yes
configure:12326: checking for pid_t
configure:12326: gcc -c -g -O2  conftest.c >&5
configure:12326: $? = 0
configure:12326: gcc -c -g -O2  conftest.c >&5
conftest.c: In function 'main':
conftest.c:68:20: error: expected expression before ')' token
 if (sizeof ((pid_t)))
                    ^
configure:12326: $? = 1
configure: failed program was:
| /* confdefs.h */
| #define PACKAGE_NAME "ssocks"
| #define PACKAGE_TARNAME "ssocks"
| #define PACKAGE_VERSION "0.0.14"
| #define PACKAGE_STRING "ssocks 0.0.14"
| #define PACKAGE_BUGREPORT "h.caron@codsec.com"
| #define PACKAGE_URL ""
| #define STDC_HEADERS 1
| #define HAVE_SYS_TYPES_H 1
| #define HAVE_SYS_STAT_H 1
| #define HAVE_STDLIB_H 1
| #define HAVE_STRING_H 1
| #define HAVE_MEMORY_H 1
| #define HAVE_STRINGS_H 1
| #define HAVE_INTTYPES_H 1
| #define HAVE_STDINT_H 1
| #define HAVE_UNISTD_H 1
| #define HAVE_DLFCN_H 1
| #define LT_OBJDIR ".libs/"
| #define PACKAGE "ssocks"
| #define VERSION "0.0.14"
| #define HAVE_ARPA_INET_H 1
| #define HAVE_FCNTL_H 1
| #define HAVE_LIMITS_H 1
| #define HAVE_NETDB_H 1
| #define HAVE_STDLIB_H 1
| #define HAVE_STRING_H 1
| #define HAVE_SYS_SOCKET_H 1
| #define HAVE_SYS_TIME_H 1
| #define HAVE_UNISTD_H 1
| /* end confdefs.h.  */
| #include <stdio.h>
| #ifdef HAVE_SYS_TYPES_H
| # include <sys/types.h>
| #endif
| #ifdef HAVE_SYS_STAT_H
| # include <sys/stat.h>
| #endif
| #ifdef STDC_HEADERS
| # include <stdlib.h>
| # include <stddef.h>
| #else
| # ifdef HAVE_STDLIB_H
| #  include <stdlib.h>
| # endif
| #endif
| #ifdef HAVE_STRING_H
| # if !defined STDC_HEADERS && defined HAVE_MEMORY_H
| #  include <memory.h>
| # endif
| # include <string.h>
| #endif
| #ifdef HAVE_STRINGS_H
| # include <strings.h>
| #endif
| #ifdef HAVE_INTTYPES_H
| # include <inttypes.h>
| #endif
| #ifdef HAVE_STDINT_H
| # include <stdint.h>
| #endif
| #ifdef HAVE_UNISTD_H
| # include <unistd.h>
| #endif
| int
| main ()
| {
| if (sizeof ((pid_t)))
| 	    return 0;
|   ;
|   return 0;
| }
configure:12326: result: yes
configure:12337: checking for uint16_t
configure:12337: gcc -c -g -O2  conftest.c >&5
configure:12337: $? = 0
configure:12337: result: yes
configure:12353: checking vfork.h usability
configure:12353: gcc -c -g -O2  conftest.c >&5
conftest.c:65:10: fatal error: vfork.h: No such file or directory
 #include <vfork.h>
          ^~~~~~~~~
compilation terminated.
configure:12353: $? = 1
configure: failed program was:
| /* confdefs.h */
| #define PACKAGE_NAME "ssocks"
| #define PACKAGE_TARNAME "ssocks"
| #define PACKAGE_VERSION "0.0.14"
| #define PACKAGE_STRING "ssocks 0.0.14"
| #define PACKAGE_BUGREPORT "h.caron@codsec.com"
| #define PACKAGE_URL ""
| #define STDC_HEADERS 1
| #define HAVE_SYS_TYPES_H 1
| #define HAVE_SYS_STAT_H 1
| #define HAVE_STDLIB_H 1
| #define HAVE_STRING_H 1
| #define HAVE_MEMORY_H 1
| #define HAVE_STRINGS_H 1
| #define HAVE_INTTYPES_H 1
| #define HAVE_STDINT_H 1
| #define HAVE_UNISTD_H 1
| #define HAVE_DLFCN_H 1
| #define LT_OBJDIR ".libs/"
| #define PACKAGE "ssocks"
| #define VERSION "0.0.14"
| #define HAVE_ARPA_INET_H 1
| #define HAVE_FCNTL_H 1
| #define HAVE_LIMITS_H 1
| #define HAVE_NETDB_H 1
| #define HAVE_STDLIB_H 1
| #define HAVE_STRING_H 1
| #define HAVE_SYS_SOCKET_H 1
| #define HAVE_SYS_TIME_H 1
| #define HAVE_UNISTD_H 1
| /* end confdefs.h.  */
| #include <stdio.h>
| #ifdef HAVE_SYS_TYPES_H
| # include <sys/types.h>
| #endif
| #ifdef HAVE_SYS_STAT_H
| # include <sys/stat.h>
| #endif
| #ifdef STDC_HEADERS
| # include <stdlib.h>
| # include <stddef.h>
| #else
| # ifdef HAVE_STDLIB_H
| #  include <stdlib.h>
| # endif
| #endif
| #ifdef HAVE_STRING_H
| # if !defined STDC_HEADERS && defined HAVE_MEMORY_H
| #  include <memory.h>
| # endif
| # include <string.h>
| #endif
| #ifdef HAVE_STRINGS_H
| # include <strings.h>
| #endif
| #ifdef HAVE_INTTYPES_H
| # include <inttypes.h>
| #endif
| #ifdef HAVE_STDINT_H
| # include <stdint.h>
| #endif
| #ifdef HAVE_UNISTD_H
| # include <unistd.h>
| #endif
| #include <vfork.h>
configure:12353: result: no
configure:12353: checking vfork.h presence
configure:12353: gcc -E  conftest.c
conftest.c:32:10: fatal error: vfork.h: No such file or directory
 #include <vfork.h>
          ^~~~~~~~~
compilation terminated.
configure:12353: $? = 1
configure: failed program was:
| /* confdefs.h */
| #define PACKAGE_NAME "ssocks"
| #define PACKAGE_TARNAME "ssocks"
| #define PACKAGE_VERSION "0.0.14"
| #define PACKAGE_STRING "ssocks 0.0.14"
| #define PACKAGE_BUGREPORT "h.caron@codsec.com"
| #define PACKAGE_URL ""
| #define STDC_HEADERS 1
| #define HAVE_SYS_TYPES_H 1
| #define HAVE_SYS_STAT_H 1
| #define HAVE_STDLIB_H 1
| #define HAVE_STRING_H 1
| #define HAVE_MEMORY_H 1
| #define HAVE_STRINGS_H 1
| #define HAVE_INTTYPES_H 1
| #define HAVE_STDINT_H 1
| #define HAVE_UNISTD_H 1
| #define HAVE_DLFCN_H 1
| #define LT_OBJDIR ".libs/"
| #define PACKAGE "ssocks"
| #define VERSION "0.0.14"
| #define HAVE_ARPA_INET_H 1
| #define HAVE_FCNTL_H 1
| #define HAVE_LIMITS_H 1
| #define HAVE_NETDB_H 1
| #define HAVE_STDLIB_H 1
| #define HAVE_STRING_H 1
| #define HAVE_SYS_SOCKET_H 1
| #define HAVE_SYS_TIME_H 1
| #define HAVE_UNISTD_H 1
| /* end confdefs.h.  */
| #include <vfork.h>
configure:12353: result: no
configure:12353: checking for vfork.h
configure:12353: result: no
configure:12366: checking for fork
configure:12366: gcc -o conftest -g -O2   conftest.c  >&5
conftest.c:55:6: warning: conflicting types for built-in function 'fork' [-Wbuiltin-declaration-mismatch]
 char fork ();
      ^~~~
configure:12366: $? = 0
configure:12366: result: yes
configure:12366: checking for vfork
configure:12366: gcc -o conftest -g -O2   conftest.c  >&5
configure:12366: $? = 0
configure:12366: result: yes
configure:12376: checking for working fork
configure:12398: gcc -o conftest -g -O2   conftest.c  >&5
configure:12398: $? = 0
configure:12398: ./conftest
configure:12398: $? = 0
configure:12408: result: yes
configure:12429: checking for working vfork
configure:12539: result: yes
configure:12567: checking for atexit
configure:12567: gcc -o conftest -g -O2   conftest.c  >&5
configure:12567: $? = 0
configure:12567: result: yes
configure:12567: checking for gethostbyname
configure:12567: gcc -o conftest -g -O2   conftest.c  >&5
configure:12567: $? = 0
configure:12567: result: yes
configure:12567: checking for gettimeofday
configure:12567: gcc -o conftest -g -O2   conftest.c  >&5
configure:12567: $? = 0
configure:12567: result: yes
configure:12567: checking for inet_ntoa
configure:12567: gcc -o conftest -g -O2   conftest.c  >&5
configure:12567: $? = 0
configure:12567: result: yes
configure:12567: checking for memmove
configure:12567: gcc -o conftest -g -O2   conftest.c  >&5
conftest.c:63:6: warning: conflicting types for built-in function 'memmove' [-Wbuiltin-declaration-mismatch]
 char memmove ();
      ^~~~~~~
configure:12567: $? = 0
configure:12567: result: yes
configure:12567: checking for memset
configure:12567: gcc -o conftest -g -O2   conftest.c  >&5
conftest.c:64:6: warning: conflicting types for built-in function 'memset' [-Wbuiltin-declaration-mismatch]
 char memset ();
      ^~~~~~
configure:12567: $? = 0
configure:12567: result: yes
configure:12567: checking for select
configure:12567: gcc -o conftest -g -O2   conftest.c  >&5
configure:12567: $? = 0
configure:12567: result: yes
configure:12567: checking for socket
configure:12567: gcc -o conftest -g -O2   conftest.c  >&5
configure:12567: $? = 0
configure:12567: result: yes
configure:12567: checking for strcasecmp
configure:12567: gcc -o conftest -g -O2   conftest.c  >&5
conftest.c:67:6: warning: conflicting types for built-in function 'strcasecmp' [-Wbuiltin-declaration-mismatch]
 char strcasecmp ();
      ^~~~~~~~~~
configure:12567: $? = 0
configure:12567: result: yes
configure:12567: checking for strchr
configure:12567: gcc -o conftest -g -O2   conftest.c  >&5
conftest.c:68:6: warning: conflicting types for built-in function 'strchr' [-Wbuiltin-declaration-mismatch]
 char strchr ();
      ^~~~~~
configure:12567: $? = 0
configure:12567: result: yes
configure:12693: checking that generated files are newer than configure
configure:12699: result: done
configure:12730: creating ./config.status

## ---------------------- ##
## Running config.status. ##
## ---------------------- ##

This file was extended by ssocks config.status 0.0.14, which was
generated by GNU Autoconf 2.69.  Invocation command line was

  CONFIG_FILES    = 
  CONFIG_HEADERS  = 
  CONFIG_LINKS    = 
  CONFIG_COMMANDS = 
  $ ./config.status 

on kali

config.status:1112: creating Makefile
config.status:1112: creating man/Makefile
config.status:1112: creating src/libsocks/Makefile
config.status:1112: creating src/Makefile
config.status:1112: creating scripts/Makefile
config.status:1112: creating config.h
config.status:1341: executing libtool commands
config.status:1341: executing depfiles commands

## ---------------- ##
## Cache variables. ##
## ---------------- ##

ac_cv_build=x86_64-unknown-linux-gnu
ac_cv_c_compiler_gnu=yes
ac_cv_c_uint16_t=yes
ac_cv_env_CC_set=
ac_cv_env_CC_value=
ac_cv_env_CFLAGS_set=
ac_cv_env_CFLAGS_value=
ac_cv_env_CPPFLAGS_set=
ac_cv_env_CPPFLAGS_value=
ac_cv_env_CPP_set=
ac_cv_env_CPP_value=
ac_cv_env_LDFLAGS_set=
ac_cv_env_LDFLAGS_value=
ac_cv_env_LIBS_set=
ac_cv_env_LIBS_value=
ac_cv_env_build_alias_set=
ac_cv_env_build_alias_value=
ac_cv_env_host_alias_set=
ac_cv_env_host_alias_value=
ac_cv_env_target_alias_set=
ac_cv_env_target_alias_value=
ac_cv_func_atexit=yes
ac_cv_func_fork=yes
ac_cv_func_fork_works=yes
ac_cv_func_gethostbyname=yes
ac_cv_func_gettimeofday=yes
ac_cv_func_inet_ntoa=yes
ac_cv_func_memmove=yes
ac_cv_func_memset=yes
ac_cv_func_select=yes
ac_cv_func_socket=yes
ac_cv_func_strcasecmp=yes
ac_cv_func_strchr=yes
ac_cv_func_vfork=yes
ac_cv_func_vfork_works=yes
ac_cv_header_arpa_inet_h=yes
ac_cv_header_dlfcn_h=yes
ac_cv_header_fcntl_h=yes
ac_cv_header_inttypes_h=yes
ac_cv_header_limits_h=yes
ac_cv_header_memory_h=yes
ac_cv_header_netdb_h=yes
ac_cv_header_stdc=yes
ac_cv_header_stdint_h=yes
ac_cv_header_stdlib_h=yes
ac_cv_header_string_h=yes
ac_cv_header_strings_h=yes
ac_cv_header_sys_socket_h=yes
ac_cv_header_sys_stat_h=yes
ac_cv_header_sys_time_h=yes
ac_cv_header_sys_types_h=yes
ac_cv_header_unistd_h=yes
ac_cv_header_vfork_h=no
ac_cv_host=x86_64-unknown-linux-gnu
ac_cv_objext=o
ac_cv_path_EGREP='/bin/grep -E'
ac_cv_path_FGREP='/bin/grep -F'
ac_cv_path_GREP=/bin/grep
ac_cv_path_SED=/bin/sed
ac_cv_path_install='/usr/bin/install -c'
ac_cv_path_mkdir=/bin/mkdir
ac_cv_prog_AWK=gawk
ac_cv_prog_CPP='gcc -E'
ac_cv_prog_ac_ct_AR=ar
ac_cv_prog_ac_ct_CC=gcc
ac_cv_prog_ac_ct_MANIFEST_TOOL=mt
ac_cv_prog_ac_ct_OBJDUMP=objdump
ac_cv_prog_ac_ct_RANLIB=ranlib
ac_cv_prog_ac_ct_STRIP=strip
ac_cv_prog_cc_c89=
ac_cv_prog_cc_g=yes
ac_cv_prog_make_make_set=yes
ac_cv_type_pid_t=yes
ac_cv_type_size_t=yes
am_cv_CC_dependencies_compiler_type=gcc3
am_cv_make_support_nested_variables=yes
am_cv_prog_cc_c_o=yes
lt_cv_ar_at_file=@
lt_cv_archive_cmds_need_lc=no
lt_cv_deplibs_check_method=pass_all
lt_cv_file_magic_cmd='$MAGIC_CMD'
lt_cv_file_magic_test_file=
lt_cv_ld_reload_flag=-r
lt_cv_nm_interface='BSD nm'
lt_cv_objdir=.libs
lt_cv_path_LD=/usr/bin/ld
lt_cv_path_NM='/usr/bin/nm -B'
lt_cv_path_mainfest_tool=no
lt_cv_prog_compiler_c_o=yes
lt_cv_prog_compiler_pic='-fPIC -DPIC'
lt_cv_prog_compiler_pic_works=yes
lt_cv_prog_compiler_rtti_exceptions=no
lt_cv_prog_compiler_static_works=yes
lt_cv_prog_gnu_ld=yes
lt_cv_sharedlib_from_linklib_cmd='printf %s\n'
lt_cv_shlibpath_overrides_runpath=yes
lt_cv_sys_global_symbol_pipe='sed -n -e '\''s/^.*[	 ]\([ABCDGIRSTW][ABCDGIRSTW]*\)[	 ][	 ]*\([_A-Za-z][_A-Za-z0-9]*\)$/\1 \2 \2/p'\'' | sed '\''/ __gnu_lto/d'\'''
lt_cv_sys_global_symbol_to_c_name_address='sed -n -e '\''s/^: \([^ ]*\)[ ]*$/  {\"\1\", (void *) 0},/p'\'' -e '\''s/^[ABCDGIRSTW]* \([^ ]*\) \([^ ]*\)$/  {"\2", (void *) \&\2},/p'\'''
lt_cv_sys_global_symbol_to_c_name_address_lib_prefix='sed -n -e '\''s/^: \([^ ]*\)[ ]*$/  {\"\1\", (void *) 0},/p'\'' -e '\''s/^[ABCDGIRSTW]* \([^ ]*\) \(lib[^ ]*\)$/  {"\2", (void *) \&\2},/p'\'' -e '\''s/^[ABCDGIRSTW]* \([^ ]*\) \([^ ]*\)$/  {"lib\2", (void *) \&\2},/p'\'''
lt_cv_sys_global_symbol_to_cdecl='sed -n -e '\''s/^T .* \(.*\)$/extern int \1();/p'\'' -e '\''s/^[ABCDGIRSTW]* .* \(.*\)$/extern char \1;/p'\'''
lt_cv_sys_max_cmd_len=1572864
lt_cv_to_host_file_cmd=func_convert_file_noop
lt_cv_to_tool_file_cmd=func_convert_file_noop

## ----------------- ##
## Output variables. ##
## ----------------- ##

ACLOCAL='${SHELL} /root/Pentest/agency/ssocks-0.0.14/missing aclocal-1.14'
AMDEPBACKSLASH='\'
AMDEP_FALSE='#'
AMDEP_TRUE=''
AMTAR='$${TAR-tar}'
AM_BACKSLASH='\'
AM_DEFAULT_V='$(AM_DEFAULT_VERBOSITY)'
AM_DEFAULT_VERBOSITY='1'
AM_V='$(V)'
AR='ar'
AUTOCONF='${SHELL} /root/Pentest/agency/ssocks-0.0.14/missing autoconf'
AUTOHEADER='${SHELL} /root/Pentest/agency/ssocks-0.0.14/missing autoheader'
AUTOMAKE='${SHELL} /root/Pentest/agency/ssocks-0.0.14/missing automake-1.14'
AWK='gawk'
CC='gcc'
CCDEPMODE='depmode=gcc3'
CFLAGS='-g -O2'
CPP='gcc -E'
CPPFLAGS=''
CYGPATH_W='echo'
DEFS='-DHAVE_CONFIG_H'
DEPDIR='.deps'
DLLTOOL='false'
DSYMUTIL=''
DUMPBIN=''
ECHO_C=''
ECHO_N='-n'
ECHO_T=''
EGREP='/bin/grep -E'
EXEEXT=''
FGREP='/bin/grep -F'
GREP='/bin/grep'
INSTALL_DATA='${INSTALL} -m 644'
INSTALL_PROGRAM='${INSTALL}'
INSTALL_SCRIPT='${INSTALL}'
INSTALL_STRIP_PROGRAM='$(install_sh) -c -s'
LD='/usr/bin/ld -m elf_x86_64'
LDFLAGS=''
LIBOBJS=''
LIBS=''
LIBTOOL='$(SHELL) $(top_builddir)/libtool'
LIBTOOL_DEPS='./ltmain.sh'
LIPO=''
LN_S='ln -s'
LTLIBOBJS=''
MAKEINFO='${SHELL} /root/Pentest/agency/ssocks-0.0.14/missing makeinfo'
MANIFEST_TOOL=':'
MKDIR_P='/bin/mkdir -p'
NM='/usr/bin/nm -B'
NMEDIT=''
OBJDUMP='objdump'
OBJEXT='o'
OTOOL64=''
OTOOL=''
PACKAGE='ssocks'
PACKAGE_BUGREPORT='h.caron@codsec.com'
PACKAGE_NAME='ssocks'
PACKAGE_STRING='ssocks 0.0.14'
PACKAGE_TARNAME='ssocks'
PACKAGE_URL=''
PACKAGE_VERSION='0.0.14'
PATH_SEPARATOR=':'
RANLIB='ranlib'
SED='/bin/sed'
SET_MAKE=''
SHELL='/bin/bash'
STRIP='strip'
USE_STATIC_FALSE='#'
USE_STATIC_TRUE=''
VERSION='0.0.14'
WITH_SSL_FALSE=''
WITH_SSL_TRUE='#'
ac_ct_AR='ar'
ac_ct_CC='gcc'
ac_ct_DUMPBIN=''
am__EXEEXT_FALSE=''
am__EXEEXT_TRUE='#'
am__fastdepCC_FALSE='#'
am__fastdepCC_TRUE=''
am__include='include'
am__isrc=''
am__leading_dot='.'
am__nodep='_no'
am__quote=''
am__tar='$${TAR-tar} chof - "$$tardir"'
am__untar='$${TAR-tar} xf -'
bindir='${exec_prefix}/bin'
build='x86_64-unknown-linux-gnu'
build_alias=''
build_cpu='x86_64'
build_os='linux-gnu'
build_vendor='unknown'
datadir='${datarootdir}'
datarootdir='${prefix}/share'
docdir='${datarootdir}/doc/${PACKAGE_TARNAME}'
dvidir='${docdir}'
exec_prefix='${prefix}'
host='x86_64-unknown-linux-gnu'
host_alias=''
host_cpu='x86_64'
host_os='linux-gnu'
host_vendor='unknown'
htmldir='${docdir}'
includedir='${prefix}/include'
infodir='${datarootdir}/info'
install_sh='${SHELL} /root/Pentest/agency/ssocks-0.0.14/install-sh'
libdir='${exec_prefix}/lib'
libexecdir='${exec_prefix}/libexec'
localedir='${datarootdir}/locale'
localstatedir='${prefix}/var'
mandir='${datarootdir}/man'
mkdir_p='$(MKDIR_P)'
oldincludedir='/usr/include'
pdfdir='${docdir}'
prefix='/usr/local'
program_transform_name='s,x,x,'
psdir='${docdir}'
sbindir='${exec_prefix}/sbin'
sharedstatedir='${prefix}/com'
sysconfdir='${prefix}/etc'
target_alias=''

## ----------- ##
## confdefs.h. ##
## ----------- ##

/* confdefs.h */
#define PACKAGE_NAME "ssocks"
#define PACKAGE_TARNAME "ssocks"
#define PACKAGE_VERSION "0.0.14"
#define PACKAGE_STRING "ssocks 0.0.14"
#define PACKAGE_BUGREPORT "h.caron@codsec.com"
#define PACKAGE_URL ""
#define STDC_HEADERS 1
#define HAVE_SYS_TYPES_H 1
#define HAVE_SYS_STAT_H 1
#define HAVE_STDLIB_H 1
#define HAVE_STRING_H 1
#define HAVE_MEMORY_H 1
#define HAVE_STRINGS_H 1
#define HAVE_INTTYPES_H 1
#define HAVE_STDINT_H 1
#define HAVE_UNISTD_H 1
#define HAVE_DLFCN_H 1
#define LT_OBJDIR ".libs/"
#define PACKAGE "ssocks"
#define VERSION "0.0.14"
#define HAVE_ARPA_INET_H 1
#define HAVE_FCNTL_H 1
#define HAVE_LIMITS_H 1
#define HAVE_NETDB_H 1
#define HAVE_STDLIB_H 1
#define HAVE_STRING_H 1
#define HAVE_SYS_SOCKET_H 1
#define HAVE_SYS_TIME_H 1
#define HAVE_UNISTD_H 1
#define HAVE_FORK 1
#define HAVE_VFORK 1
#define HAVE_WORKING_VFORK 1
#define HAVE_WORKING_FORK 1
#define HAVE_ATEXIT 1
#define HAVE_GETHOSTBYNAME 1
#define HAVE_GETTIMEOFDAY 1
#define HAVE_INET_NTOA 1
#define HAVE_MEMMOVE 1
#define HAVE_MEMSET 1
#define HAVE_SELECT 1
#define HAVE_SOCKET 1
#define HAVE_STRCASECMP 1
#define HAVE_STRCHR 1

configure: exit 0
